c:\users\stl\documents\workspace_directx\day07\engine_day5_end\engine22_engineupdate\debug\vc140.pdb
c:\users\stl\documents\workspace_directx\day07\engine_day5_end\engine22_engineupdate\debug\vc140.idb
c:\users\stl\documents\workspace_directx\day07\engine_day5_end\engine22_engineupdate\debug\dxapp.obj
c:\users\stl\documents\workspace_directx\day07\engine_day5_end\engine22_engineupdate\debug\engine.obj
c:\users\stl\documents\workspace_directx\day07\engine_day5_end\engine22_engineupdate\debug\fbxloader.obj
c:\users\stl\documents\workspace_directx\day07\engine_day5_end\engine22_engineupdate\debug\gametimer.obj
c:\users\stl\documents\workspace_directx\day07\engine_day5_end\engine22_engineupdate\debug\shader.obj
c:\users\stl\documents\workspace_directx\day07\engine_day5_end\engine22_engineupdate\debug\shaderutil.obj
c:\users\stl\documents\workspace_directx\day07\engine_day5_end\engine22_engineupdate\debug\shape.obj
c:\users\stl\documents\workspace_directx\day07\engine_day5_end\engine22_engineupdate\debug\winmain.obj
c:\users\stl\documents\workspace_directx\day07\engine_day5_end\debug\cubemapps.cso
c:\users\stl\documents\workspace_directx\day07\engine_day5_end\debug\cubemapvs.cso
c:\users\stl\documents\workspace_directx\day07\engine_day5_end\debug\labertiandiffuseps.cso
c:\users\stl\documents\workspace_directx\day07\engine_day5_end\debug\labertiandiffusevs.cso
c:\users\stl\documents\workspace_directx\day07\engine_day5_end\debug\normalps.cso
c:\users\stl\documents\workspace_directx\day07\engine_day5_end\debug\normalvs.cso
c:\users\stl\documents\workspace_directx\day07\engine_day5_end\debug\engine22_engineupdate.ilk
c:\users\stl\documents\workspace_directx\day07\engine_day5_end\debug\engine22_engineupdate.exe
c:\users\stl\documents\workspace_directx\day07\engine_day5_end\debug\engine22_engineupdate.pdb
c:\users\stl\documents\workspace_directx\day07\engine_day5_end\engine22_engineupdate\debug\engine22.dd7bf5c4.tlog\cl.command.1.tlog
c:\users\stl\documents\workspace_directx\day07\engine_day5_end\engine22_engineupdate\debug\engine22.dd7bf5c4.tlog\cl.read.1.tlog
c:\users\stl\documents\workspace_directx\day07\engine_day5_end\engine22_engineupdate\debug\engine22.dd7bf5c4.tlog\cl.write.1.tlog
c:\users\stl\documents\workspace_directx\day07\engine_day5_end\engine22_engineupdate\debug\engine22.dd7bf5c4.tlog\engine22_engineupdate.write.1u.tlog
c:\users\stl\documents\workspace_directx\day07\engine_day5_end\engine22_engineupdate\debug\engine22.dd7bf5c4.tlog\fxc.command.1.tlog
c:\users\stl\documents\workspace_directx\day07\engine_day5_end\engine22_engineupdate\debug\engine22.dd7bf5c4.tlog\fxc.read.1.tlog
c:\users\stl\documents\workspace_directx\day07\engine_day5_end\engine22_engineupdate\debug\engine22.dd7bf5c4.tlog\fxc.write.1.tlog
c:\users\stl\documents\workspace_directx\day07\engine_day5_end\engine22_engineupdate\debug\engine22.dd7bf5c4.tlog\link.command.1.tlog
c:\users\stl\documents\workspace_directx\day07\engine_day5_end\engine22_engineupdate\debug\engine22.dd7bf5c4.tlog\link.read.1.tlog
c:\users\stl\documents\workspace_directx\day07\engine_day5_end\engine22_engineupdate\debug\engine22.dd7bf5c4.tlog\link.write.1.tlog
