c:\stl\directx_lecture\lectureprojects\engine_day4\engine17_first_person_camera\debug\vc140.pdb
c:\stl\directx_lecture\lectureprojects\engine_day4\engine17_first_person_camera\debug\vc140.idb
c:\stl\directx_lecture\lectureprojects\engine_day4\engine17_first_person_camera\debug\dxapp.obj
c:\stl\directx_lecture\lectureprojects\engine_day4\engine17_first_person_camera\debug\engine.obj
c:\stl\directx_lecture\lectureprojects\engine_day4\engine17_first_person_camera\debug\gametimer.obj
c:\stl\directx_lecture\lectureprojects\engine_day4\engine17_first_person_camera\debug\winmain.obj
c:\stl\directx_lecture\lectureprojects\engine_day4\debug\vertexshader.cso
c:\stl\directx_lecture\lectureprojects\engine_day4\debug\pixelshader.cso
c:\stl\directx_lecture\lectureprojects\engine_day4\debug\engine17_first_person_camera.ilk
c:\stl\directx_lecture\lectureprojects\engine_day4\debug\engine17_first_person_camera.exe
c:\stl\directx_lecture\lectureprojects\engine_day4\debug\engine17_first_person_camera.pdb
c:\stl\directx_lecture\lectureprojects\engine_day4\engine17_first_person_camera\debug\engine06_wvp.ilk
c:\stl\directx_lecture\lectureprojects\engine_day4\engine17_first_person_camera\debug\engine06_wvp.pdb
c:\stl\directx_lecture\lectureprojects\engine_day4\engine17_first_person_camera\debug\engine17.a2d4991d.tlog\cl.command.1.tlog
c:\stl\directx_lecture\lectureprojects\engine_day4\engine17_first_person_camera\debug\engine17.a2d4991d.tlog\cl.read.1.tlog
c:\stl\directx_lecture\lectureprojects\engine_day4\engine17_first_person_camera\debug\engine17.a2d4991d.tlog\cl.write.1.tlog
c:\stl\directx_lecture\lectureprojects\engine_day4\engine17_first_person_camera\debug\engine17.a2d4991d.tlog\engine17_first_person_camera.write.1u.tlog
c:\stl\directx_lecture\lectureprojects\engine_day4\engine17_first_person_camera\debug\engine17.a2d4991d.tlog\fxc.command.1.tlog
c:\stl\directx_lecture\lectureprojects\engine_day4\engine17_first_person_camera\debug\engine17.a2d4991d.tlog\fxc.read.1.tlog
c:\stl\directx_lecture\lectureprojects\engine_day4\engine17_first_person_camera\debug\engine17.a2d4991d.tlog\fxc.write.1.tlog
c:\stl\directx_lecture\lectureprojects\engine_day4\engine17_first_person_camera\debug\engine17.a2d4991d.tlog\link.command.1.tlog
c:\stl\directx_lecture\lectureprojects\engine_day4\engine17_first_person_camera\debug\engine17.a2d4991d.tlog\link.read.1.tlog
c:\stl\directx_lecture\lectureprojects\engine_day4\engine17_first_person_camera\debug\engine17.a2d4991d.tlog\link.write.1.tlog
