c:\stl\directx_lecture\lectureprojects\engine_day4\engine15_depth_stencil\debug\vc140.pdb
c:\stl\directx_lecture\lectureprojects\engine_day4\engine15_depth_stencil\debug\vc140.idb
c:\stl\directx_lecture\lectureprojects\engine_day4\engine15_depth_stencil\debug\dxapp.obj
c:\stl\directx_lecture\lectureprojects\engine_day4\engine15_depth_stencil\debug\engine.obj
c:\stl\directx_lecture\lectureprojects\engine_day4\engine15_depth_stencil\debug\gametimer.obj
c:\stl\directx_lecture\lectureprojects\engine_day4\engine15_depth_stencil\debug\winmain.obj
c:\stl\directx_lecture\lectureprojects\engine_day4\debug\pixelshader.cso
c:\stl\directx_lecture\lectureprojects\engine_day4\debug\vertexshader.cso
c:\stl\directx_lecture\lectureprojects\engine_day4\debug\engine15_depth_stencil.ilk
c:\stl\directx_lecture\lectureprojects\engine_day4\debug\engine15_depth_stencil.exe
c:\stl\directx_lecture\lectureprojects\engine_day4\debug\engine15_depth_stencil.pdb
c:\stl\directx_lecture\lectureprojects\engine_day4\engine15_depth_stencil\debug\engine06_wvp.ilk
c:\stl\directx_lecture\lectureprojects\engine_day4\engine15_depth_stencil\debug\engine06_wvp.pdb
c:\stl\directx_lecture\lectureprojects\engine_day4\engine15_depth_stencil\debug\engine15.b7864e0a.tlog\cl.command.1.tlog
c:\stl\directx_lecture\lectureprojects\engine_day4\engine15_depth_stencil\debug\engine15.b7864e0a.tlog\cl.read.1.tlog
c:\stl\directx_lecture\lectureprojects\engine_day4\engine15_depth_stencil\debug\engine15.b7864e0a.tlog\cl.write.1.tlog
c:\stl\directx_lecture\lectureprojects\engine_day4\engine15_depth_stencil\debug\engine15.b7864e0a.tlog\engine15_depth_stencil.write.1u.tlog
c:\stl\directx_lecture\lectureprojects\engine_day4\engine15_depth_stencil\debug\engine15.b7864e0a.tlog\fxc.command.1.tlog
c:\stl\directx_lecture\lectureprojects\engine_day4\engine15_depth_stencil\debug\engine15.b7864e0a.tlog\fxc.read.1.tlog
c:\stl\directx_lecture\lectureprojects\engine_day4\engine15_depth_stencil\debug\engine15.b7864e0a.tlog\fxc.write.1.tlog
c:\stl\directx_lecture\lectureprojects\engine_day4\engine15_depth_stencil\debug\engine15.b7864e0a.tlog\link.command.1.tlog
c:\stl\directx_lecture\lectureprojects\engine_day4\engine15_depth_stencil\debug\engine15.b7864e0a.tlog\link.read.1.tlog
c:\stl\directx_lecture\lectureprojects\engine_day4\engine15_depth_stencil\debug\engine15.b7864e0a.tlog\link.write.1.tlog
