c:\stl\directx_lecture\lectureprojects\engine_day10\engine19_normalmap\debug\vc140.pdb
c:\stl\directx_lecture\lectureprojects\engine_day10\engine19_normalmap\debug\vc140.idb
c:\stl\directx_lecture\lectureprojects\engine_day10\engine19_normalmap\debug\dxapp.obj
c:\stl\directx_lecture\lectureprojects\engine_day10\engine19_normalmap\debug\engine.obj
c:\stl\directx_lecture\lectureprojects\engine_day10\engine19_normalmap\debug\gametimer.obj
c:\stl\directx_lecture\lectureprojects\engine_day10\engine19_normalmap\debug\winmain.obj
c:\stl\directx_lecture\lectureprojects\engine_day10\debug\vertexshader.cso
c:\stl\directx_lecture\lectureprojects\engine_day10\debug\pixelshader.cso
c:\stl\directx_lecture\lectureprojects\engine_day11\debug\vertexshader.cso
c:\stl\directx_lecture\lectureprojects\engine_day11\debug\pixelshader.cso
c:\stl\directx_lecture\lectureprojects\engine_day10\debug\engine19_normalmap.ilk
c:\stl\directx_lecture\lectureprojects\engine_day10\debug\engine19_normalmap.exe
c:\stl\directx_lecture\lectureprojects\engine_day10\debug\engine19_normalmap.pdb
c:\stl\directx_lecture\lectureprojects\engine_day11\engine19_normalmap\debug\dxapp.obj
c:\stl\directx_lecture\lectureprojects\engine_day11\engine19_normalmap\debug\engine.obj
c:\stl\directx_lecture\lectureprojects\engine_day11\engine19_normalmap\debug\gametimer.obj
c:\stl\directx_lecture\lectureprojects\engine_day11\engine19_normalmap\debug\winmain.obj
c:\stl\directx_lecture\lectureprojects\engine_day11\engine19_normalmap\debug\vc140.idb
c:\stl\directx_lecture\lectureprojects\engine_day11\engine19_normalmap\debug\vc140.pdb
c:\stl\directx_lecture\lectureprojects\engine_day11\debug\engine19_normalmap.pdb
c:\stl\directx_lecture\lectureprojects\engine_day11\debug\engine19_normalmap.exe
c:\stl\directx_lecture\lectureprojects\engine_day11\debug\engine19_normalmap.ilk
c:\stl\directx_lecture\lectureprojects\engine_day11\engine19_normalmap\debug\engine19.873f646b.tlog\cl.command.1.tlog
c:\stl\directx_lecture\lectureprojects\engine_day11\engine19_normalmap\debug\engine19.873f646b.tlog\cl.read.1.tlog
c:\stl\directx_lecture\lectureprojects\engine_day11\engine19_normalmap\debug\engine19.873f646b.tlog\cl.write.1.tlog
c:\stl\directx_lecture\lectureprojects\engine_day11\engine19_normalmap\debug\engine19.873f646b.tlog\engine19_normalmap.write.1u.tlog
c:\stl\directx_lecture\lectureprojects\engine_day11\engine19_normalmap\debug\engine19.873f646b.tlog\fxc.command.1.tlog
c:\stl\directx_lecture\lectureprojects\engine_day11\engine19_normalmap\debug\engine19.873f646b.tlog\fxc.read.1.tlog
c:\stl\directx_lecture\lectureprojects\engine_day11\engine19_normalmap\debug\engine19.873f646b.tlog\fxc.write.1.tlog
c:\stl\directx_lecture\lectureprojects\engine_day11\engine19_normalmap\debug\engine19.873f646b.tlog\link.command.1.tlog
c:\stl\directx_lecture\lectureprojects\engine_day11\engine19_normalmap\debug\engine19.873f646b.tlog\link.read.1.tlog
c:\stl\directx_lecture\lectureprojects\engine_day11\engine19_normalmap\debug\engine19.873f646b.tlog\link.write.1.tlog
