c:\users\stl\documents\skilltreelab\workspace_socket\day03\client\client\debug\vc140.pdb
c:\users\stl\documents\skilltreelab\workspace_socket\day03\client\client\debug\vc140.idb
c:\users\stl\documents\skilltreelab\workspace_socket\day03\client\client\debug\main.obj
c:\users\stl\documents\skilltreelab\workspace_socket\day03\client\debug\client.pdb
c:\users\stl\documents\skilltreelab\workspace_socket\day03\client\client\debug\client.tlog\cl.command.1.tlog
c:\users\stl\documents\skilltreelab\workspace_socket\day03\client\client\debug\client.tlog\cl.read.1.tlog
c:\users\stl\documents\skilltreelab\workspace_socket\day03\client\client\debug\client.tlog\cl.write.1.tlog
c:\users\stl\documents\skilltreelab\workspace_socket\day03\client\client\debug\client.tlog\link-cvtres.read.1.tlog
c:\users\stl\documents\skilltreelab\workspace_socket\day03\client\client\debug\client.tlog\link-cvtres.write.1.tlog
c:\users\stl\documents\skilltreelab\workspace_socket\day03\client\client\debug\client.tlog\link-rc.read.1.tlog
c:\users\stl\documents\skilltreelab\workspace_socket\day03\client\client\debug\client.tlog\link-rc.write.1.tlog
c:\users\stl\documents\skilltreelab\workspace_socket\day03\client\client\debug\client.tlog\link.4692-cvtres.read.1.tlog
c:\users\stl\documents\skilltreelab\workspace_socket\day03\client\client\debug\client.tlog\link.4692-cvtres.write.1.tlog
c:\users\stl\documents\skilltreelab\workspace_socket\day03\client\client\debug\client.tlog\link.4692-rc.read.1.tlog
c:\users\stl\documents\skilltreelab\workspace_socket\day03\client\client\debug\client.tlog\link.4692-rc.write.1.tlog
c:\users\stl\documents\skilltreelab\workspace_socket\day03\client\client\debug\client.tlog\link.4692.read.1.tlog
c:\users\stl\documents\skilltreelab\workspace_socket\day03\client\client\debug\client.tlog\link.4692.write.1.tlog
c:\users\stl\documents\skilltreelab\workspace_socket\day03\client\client\debug\client.tlog\link.command.1.tlog
c:\users\stl\documents\skilltreelab\workspace_socket\day03\client\client\debug\client.tlog\link.read.1.tlog
c:\users\stl\documents\skilltreelab\workspace_socket\day03\client\client\debug\client.tlog\link.write.1.tlog
